<?xml version="1.0" encoding="UTF-8"?>
<testng-results skipped="0" failed="0" ignored="0" total="1" passed="1">
  <reporter-output>
  </reporter-output>
  <suite name="nopCommerceSuite" duration-ms="51599" started-at="2019-04-20T23:16:43Z" finished-at="2019-04-20T23:17:35Z">
    <groups>
    </groups>
    <test name="chrometest" duration-ms="51599" started-at="2019-04-20T23:16:43Z" finished-at="2019-04-20T23:17:35Z">
      <class name="com.nopCommerce.TestCases.TC_LoginTest_001">
        <test-method status="PASS" signature="setUp(java.lang.String)[pri:0, instance:com.nopCommerce.TestCases.TC_LoginTest_001@6fadae5d]" name="setUp" is-config="true" duration-ms="2883" started-at="2019-04-20T23:16:43Z" finished-at="2019-04-20T23:16:46Z">
          <params>
            <param index="0">
              <value>
                <![CDATA[chrome]]>
              </value>
            </param>
          </params>
          <reporter-output>
          </reporter-output>
        </test-method> <!-- setUp -->
        <test-method status="PASS" signature="loginTest()[pri:0, instance:com.nopCommerce.TestCases.TC_LoginTest_001@6fadae5d]" name="loginTest" duration-ms="48434" started-at="2019-04-20T23:16:46Z" finished-at="2019-04-20T23:17:35Z">
          <reporter-output>
          </reporter-output>
        </test-method> <!-- loginTest -->
        <test-method status="PASS" signature="tearDown()[pri:0, instance:com.nopCommerce.TestCases.TC_LoginTest_001@6fadae5d]" name="tearDown" is-config="true" duration-ms="101" started-at="2019-04-20T23:17:35Z" finished-at="2019-04-20T23:17:35Z">
          <reporter-output>
          </reporter-output>
        </test-method> <!-- tearDown -->
      </class> <!-- com.nopCommerce.TestCases.TC_LoginTest_001 -->
    </test> <!-- chrometest -->
  </suite> <!-- nopCommerceSuite -->
</testng-results>
