<?xml version="1.0" encoding="UTF-8"?>
<testng-results skipped="0" failed="0" ignored="0" total="1" passed="1">
  <reporter-output>
  </reporter-output>
  <suite name="nopCommerceSuite" duration-ms="11657" started-at="2019-04-20T14:32:59Z" finished-at="2019-04-20T14:33:11Z">
    <groups>
    </groups>
    <test name="chrometest" duration-ms="11657" started-at="2019-04-20T14:32:59Z" finished-at="2019-04-20T14:33:11Z">
      <class name="com.nopCommerce.TestCases.TC_LoginTest_001">
        <test-method status="PASS" signature="setUp(java.lang.String)[pri:0, instance:com.nopCommerce.TestCases.TC_LoginTest_001@548e7350]" name="setUp" is-config="true" duration-ms="3471" started-at="2019-04-20T14:33:00Z" finished-at="2019-04-20T14:33:03Z">
          <params>
            <param index="0">
              <value>
                <![CDATA[chrome]]>
              </value>
            </param>
          </params>
          <reporter-output>
          </reporter-output>
        </test-method> <!-- setUp -->
        <test-method status="PASS" signature="loginTest()[pri:0, instance:com.nopCommerce.TestCases.TC_LoginTest_001@548e7350]" name="loginTest" duration-ms="7919" started-at="2019-04-20T14:33:03Z" finished-at="2019-04-20T14:33:11Z">
          <reporter-output>
          </reporter-output>
        </test-method> <!-- loginTest -->
        <test-method status="PASS" signature="tearDown()[pri:0, instance:com.nopCommerce.TestCases.TC_LoginTest_001@548e7350]" name="tearDown" is-config="true" duration-ms="104" started-at="2019-04-20T14:33:11Z" finished-at="2019-04-20T14:33:11Z">
          <reporter-output>
          </reporter-output>
        </test-method> <!-- tearDown -->
      </class> <!-- com.nopCommerce.TestCases.TC_LoginTest_001 -->
    </test> <!-- chrometest -->
  </suite> <!-- nopCommerceSuite -->
</testng-results>
